somewhere only we know (sped up);accelerate, creamy, 11:11 Music Group;;1;somewhere only we know (sped up);200.666;0
Somewhere Only We Know;rhianne;;1;Somewhere Only We Know;80.122;1
Slow Down;Chase Atlantic;;2;Paradise - EP;129.972;2
Rescue Me;OneRepublic;;5;Human (Deluxe);121.038;3
GigaChad Theme - Phonk House Version;g3ox_em;;1;GigaChad Theme (Phonk House Version);128.001;4
Often - Kygo Remix;The Weeknd, Kygo;;1;Often (Kygo Remix);79.975;5
Criminal;Britney Spears;;12;Femme Fatale (Deluxe Version);107.987;6
River;Bishop Briggs;;2;Church Of Scars;62.507;7
Past Lives;11:11 Music Group, Martin Arteta;;4;it's summer '13, you're on a roadtrip vibing and life's good;116.058;8
I Wanna Be Yours;Arctic Monkeys;;12;AM;67.528;9
Hate Me;Ellie Goulding, Juice WRLD;;5;Brightest Blue;75.018;10
Fallin’ (Adrenaline);Why Don't We;;1;The Good Times and The Bad Ones;133.963;11
WTF (feat. Amber Van Day);HUGEL, Amber Van Day;;1;WTF (feat. Amber Van Day);123.985;12
Keep You;Sara Skinner, Spektrum;;1;Keep You;160.082;13
watch;Billie Eilish;;4;dont smile at me (Expanded Edition);165.212;14
GLOW;bear bear & friends, Gill Chang;;1;GLOW;140.122;15
Fallout;UNSECRET, Neoni;;1;Fallout;109.911;16
10 Things I Hate About You;Leah Kate;;2;Alive and Unwell;153.967;17
moonlight (kali uchis) - sped up version;sped up viral, Kali Uchis;;1;moonlight (kali uchis) [sped up version];82.149;18
Drive You Insane;Daniel Di Angelo;;1;Drive You Insane;119.904;19
HMM;KhullarG, Bluish Music;;1;HMM;90.003;20
Thing of Beauty;Danger Twins;;1;Thing of Beauty;130.06;21
Shameless - Sped Up;Lewis Hanton;;1;Shameless (Sped Up);148.233;22
Daylight;David Kushner;;1;Daylight;130.09;23
Savage;Bahari;;1;Savage;98.022;24
harleys in hawaii - slowed + reverb;slō, twilight, Tazzy;;1;harleys in hawaii - slowed + reverb;124.189;25
The Lost Soul Down X Lost Soul;NBSPLV;;1;The Lost Soul Down X Lost Soul;90.035;26
Love Is Gone - Acoustic;SLANDER, Dylan Matthew;;1;Love Is Gone (Acoustic);139.644;27
Lonely Again;Bangers Only, Luke Chappell, Vibin Central;;9;Bangers Only, Vol. 1;181.908;28
Spirits;The Strumbellas;;1;Hope;80.481;29
